#
# There is insufficient memory for the Java Runtime Environment to continue.
# Native memory allocation (malloc) failed to allocate 1671616 bytes for Chunk::new
# Possible reasons:
#   The system is out of physical RAM or swap space
#   In 32 bit mode, the process size limit was hit
# Possible solutions:
#   Reduce memory load on the system
#   Increase physical memory or swap space
#   Check if swap backing store is full
#   Use 64 bit Java on a 64 bit OS
#   Decrease Java heap size (-Xmx/-Xms)
#   Decrease number of Java threads
#   Decrease Java thread stack sizes (-Xss)
#   Set larger code cache with -XX:ReservedCodeCacheSize=
# This output file may be truncated or incomplete.
#
#  Out of Memory Error (allocation.cpp:390), pid=5684, tid=4228
#
# JRE version: Java(TM) SE Runtime Environment (8.0_25-b18) (build 1.8.0_25-b18)
# Java VM: Java HotSpot(TM) 64-Bit Server VM (25.25-b02 mixed mode windows-amd64 compressed oops)
# Failed to write core dump. Minidumps are not enabled by default on client versions of Windows
#

---------------  T H R E A D  ---------------

Current thread (0x0000000014e3a800):  JavaThread "C2 CompilerThread0" daemon [_thread_in_native, id=4228, stack(0x0000000015d70000,0x0000000015e70000)]

Stack: [0x0000000015d70000,0x0000000015e70000]
Native frames: (J=compiled Java code, j=interpreted, Vv=VM code, C=native code)
V  [jvm.dll+0x31667a]
V  [jvm.dll+0x267073]
V  [jvm.dll+0x267cb3]
V  [jvm.dll+0x25f5b5]
V  [jvm.dll+0xbf165]
V  [jvm.dll+0xbf60c]
V  [jvm.dll+0x45d672]
V  [jvm.dll+0x49e8ef]
V  [jvm.dll+0x452b41]
V  [jvm.dll+0x453864]
V  [jvm.dll+0x437372]
V  [jvm.dll+0x98a02]
V  [jvm.dll+0x991f3]
V  [jvm.dll+0x22bde4]
V  [jvm.dll+0x2852fa]
C  [msvcr100.dll+0x21d9f]
C  [msvcr100.dll+0x21e3b]
C  [KERNEL32.DLL+0x12d92]
C  [ntdll.dll+0x9f64]


Current CompileTask:
C2:  19734 1422   !   4       com.android.dx.cf.code.BytecodeArray::parseInstruction (2764 bytes)


---------------  P R O C E S S  ---------------

Java Threads: ( => current thread )
  0x0000000014e89000 JavaThread "Service Thread" daemon [_thread_blocked, id=4320, stack(0x0000000015f70000,0x0000000016070000)]
  0x0000000014e3c800 JavaThread "C1 CompilerThread1" daemon [_thread_blocked, id=2152, stack(0x0000000015e70000,0x0000000015f70000)]
=>0x0000000014e3a800 JavaThread "C2 CompilerThread0" daemon [_thread_in_native, id=4228, stack(0x0000000015d70000,0x0000000015e70000)]
  0x0000000014e39000 JavaThread "Attach Listener" daemon [_thread_blocked, id=3544, stack(0x0000000015c70000,0x0000000015d70000)]
  0x0000000014e35800 JavaThread "Signal Dispatcher" daemon [_thread_blocked, id=4904, stack(0x0000000015b70000,0x0000000015c70000)]
  0x0000000014df5000 JavaThread "Finalizer" daemon [_thread_blocked, id=4888, stack(0x0000000015a70000,0x0000000015b70000)]
  0x0000000014df3800 JavaThread "Reference Handler" daemon [_thread_blocked, id=6992, stack(0x0000000015970000,0x0000000015a70000)]
  0x00000000028ad800 JavaThread "main" [_thread_in_native, id=7056, stack(0x00000000027a0000,0x00000000028a0000)]

Other Threads:
  0x0000000014deb800 VMThread [stack: 0x0000000015870000,0x0000000015970000] [id=2704]
  0x0000000014e8a800 WatcherThread [stack: 0x0000000016070000,0x0000000016170000] [id=6124]

VM state:not at safepoint (normal execution)

VM Mutex/Monitor currently owned by a thread: None

Heap:
 PSYoungGen      total 22016K, used 6434K [0x00000000eab00000, 0x00000000ec200000, 0x0000000100000000)
  eden space 20480K, 23% used [0x00000000eab00000,0x00000000eafccb60,0x00000000ebf00000)
  from space 1536K, 98% used [0x00000000ebf00000,0x00000000ec07c010,0x00000000ec080000)
  to   space 1536K, 0% used [0x00000000ec080000,0x00000000ec080000,0x00000000ec200000)
 ParOldGen       total 27648K, used 16234K [0x00000000c0000000, 0x00000000c1b00000, 0x00000000eab00000)
  object space 27648K, 58% used [0x00000000c0000000,0x00000000c0fda840,0x00000000c1b00000)
 Metaspace       used 5931K, capacity 7216K, committed 7296K, reserved 1056768K
  class space    used 553K, capacity 616K, committed 640K, reserved 1048576K

Card table byte_map: [0x0000000011d70000,0x0000000011f80000] byte_map_base: 0x0000000011770000

Marking Bits: (ParMarkBitMap*) 0x000000005e4dd490
 Begin Bits: [0x00000000122e0000, 0x00000000132e0000)
 End Bits:   [0x00000000132e0000, 0x00000000142e0000)

Polling page: 0x0000000000d60000

CodeCache: size=245760Kb used=6578Kb max_used=6578Kb free=239181Kb
 bounds [0x00000000029b0000, 0x0000000003020000, 0x00000000119b0000]
 total_blobs=1937 nmethods=1676 adapters=174
 compilation: enabled

Compilation events (10 events):
Event: 15.420 Thread 0x0000000014e3c800 1452       3       com.android.dx.cf.direct.DirectClassFile::getFields (9 bytes)
Event: 15.421 Thread 0x0000000014e3c800 nmethod 1452 0x0000000002fa8450 code [0x0000000002fa85c0, 0x0000000002fa8808]
Event: 15.421 Thread 0x0000000014e3c800 1453       3       com.android.dx.cf.direct.DirectClassFile::getMethods (9 bytes)
Event: 15.421 Thread 0x0000000014e3c800 nmethod 1453 0x0000000002fa88d0 code [0x0000000002fa8a40, 0x0000000002fa8c88]
Event: 15.423 Thread 0x0000000014e3c800 1455       1       com.android.dx.dex.file.ClassDefItem::getThisClass (5 bytes)
Event: 15.423 Thread 0x0000000014e3c800 nmethod 1455 0x0000000002fa8d50 code [0x0000000002fa8ea0, 0x0000000002fa8fb0]
Event: 15.424 Thread 0x0000000014e3c800 1456       1       com.android.dx.dex.file.DexFile::getStringIds (5 bytes)
Event: 15.424 Thread 0x0000000014e3c800 nmethod 1456 0x0000000002fa9010 code [0x0000000002fa9160, 0x0000000002fa9270]
Event: 15.438 Thread 0x0000000014e3c800 1457       1       com.android.dx.rop.cst.TypedConstant::isConstant (2 bytes)
Event: 15.438 Thread 0x0000000014e3c800 nmethod 1457 0x0000000002fa92d0 code [0x0000000002fa9420, 0x0000000002fa9530]

GC Heap History (8 events):
Event: 11.204 GC heap before
{Heap before GC invocations=1 (full 0):
 PSYoungGen      total 11776K, used 10240K [0x00000000eab00000, 0x00000000eb800000, 0x0000000100000000)
  eden space 10240K, 100% used [0x00000000eab00000,0x00000000eb500000,0x00000000eb500000)
  from space 1536K, 0% used [0x00000000eb680000,0x00000000eb680000,0x00000000eb800000)
  to   space 1536K, 0% used [0x00000000eb500000,0x00000000eb500000,0x00000000eb680000)
 ParOldGen       total 27648K, used 0K [0x00000000c0000000, 0x00000000c1b00000, 0x00000000eab00000)
  object space 27648K, 0% used [0x00000000c0000000,0x00000000c0000000,0x00000000c1b00000)
 Metaspace       used 5130K, capacity 6544K, committed 6784K, reserved 1056768K
  class space    used 524K, capacity 584K, committed 640K, reserved 1048576K
Event: 11.214 GC heap after
Heap after GC invocations=1 (full 0):
 PSYoungGen      total 11776K, used 1527K [0x00000000eab00000, 0x00000000eb800000, 0x0000000100000000)
  eden space 10240K, 0% used [0x00000000eab00000,0x00000000eab00000,0x00000000eb500000)
  from space 1536K, 99% used [0x00000000eb500000,0x00000000eb67dc78,0x00000000eb680000)
  to   space 1536K, 0% used [0x00000000eb680000,0x00000000eb680000,0x00000000eb800000)
 ParOldGen       total 27648K, used 1608K [0x00000000c0000000, 0x00000000c1b00000, 0x00000000eab00000)
  object space 27648K, 5% used [0x00000000c0000000,0x00000000c01923c8,0x00000000c1b00000)
 Metaspace       used 5130K, capacity 6544K, committed 6784K, reserved 1056768K
  class space    used 524K, capacity 584K, committed 640K, reserved 1048576K
}
Event: 13.060 GC heap before
{Heap before GC invocations=2 (full 0):
 PSYoungGen      total 11776K, used 11767K [0x00000000eab00000, 0x00000000eb800000, 0x0000000100000000)
  eden space 10240K, 100% used [0x00000000eab00000,0x00000000eb500000,0x00000000eb500000)
  from space 1536K, 99% used [0x00000000eb500000,0x00000000eb67dc78,0x00000000eb680000)
  to   space 1536K, 0% used [0x00000000eb680000,0x00000000eb680000,0x00000000eb800000)
 ParOldGen       total 27648K, used 1608K [0x00000000c0000000, 0x00000000c1b00000, 0x00000000eab00000)
  object space 27648K, 5% used [0x00000000c0000000,0x00000000c01923c8,0x00000000c1b00000)
 Metaspace       used 5573K, capacity 6960K, committed 7040K, reserved 1056768K
  class space    used 545K, capacity 616K, committed 640K, reserved 1048576K
Event: 13.286 GC heap after
Heap after GC invocations=2 (full 0):
 PSYoungGen      total 11776K, used 1520K [0x00000000eab00000, 0x00000000ec200000, 0x0000000100000000)
  eden space 10240K, 0% used [0x00000000eab00000,0x00000000eab00000,0x00000000eb500000)
  from space 1536K, 98% used [0x00000000eb680000,0x00000000eb7fc010,0x00000000eb800000)
  to   space 1536K, 0% used [0x00000000eb500000,0x00000000eb500000,0x00000000eb680000)
 ParOldGen       total 27648K, used 3191K [0x00000000c0000000, 0x00000000c1b00000, 0x00000000eab00000)
  object space 27648K, 11% used [0x00000000c0000000,0x00000000c031ddf0,0x00000000c1b00000)
 Metaspace       used 5573K, capacity 6960K, committed 7040K, reserved 1056768K
  class space    used 545K, capacity 616K, committed 640K, reserved 1048576K
}
Event: 14.118 GC heap before
{Heap before GC invocations=3 (full 0):
 PSYoungGen      total 11776K, used 11760K [0x00000000eab00000, 0x00000000ec200000, 0x0000000100000000)
  eden space 10240K, 100% used [0x00000000eab00000,0x00000000eb500000,0x00000000eb500000)
  from space 1536K, 98% used [0x00000000eb680000,0x00000000eb7fc010,0x00000000eb800000)
  to   space 1536K, 0% used [0x00000000eb500000,0x00000000eb500000,0x00000000eb680000)
 ParOldGen       total 27648K, used 3191K [0x00000000c0000000, 0x00000000c1b00000, 0x00000000eab00000)
  object space 27648K, 11% used [0x00000000c0000000,0x00000000c031ddf0,0x00000000c1b00000)
 Metaspace       used 5675K, capacity 7024K, committed 7296K, reserved 1056768K
  class space    used 546K, capacity 616K, committed 640K, reserved 1048576K
Event: 14.501 GC heap after
Heap after GC invocations=3 (full 0):
 PSYoungGen      total 11776K, used 1504K [0x00000000eab00000, 0x00000000ec200000, 0x0000000100000000)
  eden space 10240K, 0% used [0x00000000eab00000,0x00000000eab00000,0x00000000eb500000)
  from space 1536K, 97% used [0x00000000eb500000,0x00000000eb678010,0x00000000eb680000)
  to   space 1536K, 0% used [0x00000000ec080000,0x00000000ec080000,0x00000000ec200000)
 ParOldGen       total 27648K, used 4877K [0x00000000c0000000, 0x00000000c1b00000, 0x00000000eab00000)
  object space 27648K, 17% used [0x00000000c0000000,0x00000000c04c35c8,0x00000000c1b00000)
 Metaspace       used 5675K, capacity 7024K, committed 7296K, reserved 1056768K
  class space    used 546K, capacity 616K, committed 640K, reserved 1048576K
}
Event: 15.367 GC heap before
{Heap before GC invocations=4 (full 0):
 PSYoungGen      total 11776K, used 11744K [0x00000000eab00000, 0x00000000ec200000, 0x0000000100000000)
  eden space 10240K, 100% used [0x00000000eab00000,0x00000000eb500000,0x00000000eb500000)
  from space 1536K, 97% used [0x00000000eb500000,0x00000000eb678010,0x00000000eb680000)
  to   space 1536K, 0% used [0x00000000ec080000,0x00000000ec080000,0x00000000ec200000)
 ParOldGen       total 27648K, used 4877K [0x00000000c0000000, 0x00000000c1b00000, 0x00000000eab00000)
  object space 27648K, 17% used [0x00000000c0000000,0x00000000c04c35c8,0x00000000c1b00000)
 Metaspace       used 5727K, capacity 7088K, committed 7296K, reserved 1056768K
  class space    used 546K, capacity 616K, committed 640K, reserved 1048576K
Event: 15.389 GC heap after
Heap after GC invocations=4 (full 0):
 PSYoungGen      total 22016K, used 1536K [0x00000000eab00000, 0x00000000ec200000, 0x0000000100000000)
  eden space 20480K, 0% used [0x00000000eab00000,0x00000000eab00000,0x00000000ebf00000)
  from space 1536K, 100% used [0x00000000ec080000,0x00000000ec200000,0x00000000ec200000)
  to   space 1536K, 0% used [0x00000000ebf00000,0x00000000ebf00000,0x00000000ec080000)
 ParOldGen       total 27648K, used 6462K [0x00000000c0000000, 0x00000000c1b00000, 0x00000000eab00000)
  object space 27648K, 23% used [0x00000000c0000000,0x00000000c064f8b0,0x00000000c1b00000)
 Metaspace       used 5727K, capacity 7088K, committed 7296K, reserved 1056768K
  class space    used 546K, capacity 616K, committed 640K, reserved 1048576K
}

Deoptimization events (5 events):
Event: 11.457 Thread 0x00000000028ad800 Uncommon trap: reason=class_check action=maybe_recompile pc=0x0000000002d0b5c0 method=com.android.dx.rop.type.Type.equals(Ljava/lang/Object;)Z @ 8
Event: 11.459 Thread 0x00000000028ad800 Uncommon trap: reason=class_check action=maybe_recompile pc=0x0000000002d0b5c0 method=com.android.dx.rop.type.Type.equals(Ljava/lang/Object;)Z @ 8
Event: 11.471 Thread 0x00000000028ad800 Uncommon trap: reason=class_check action=maybe_recompile pc=0x0000000002d0b5c0 method=com.android.dx.rop.type.Type.equals(Ljava/lang/Object;)Z @ 8
Event: 11.493 Thread 0x00000000028ad800 Uncommon trap: reason=class_check action=maybe_recompile pc=0x0000000002d0b5c0 method=com.android.dx.rop.type.Type.equals(Ljava/lang/Object;)Z @ 8
Event: 11.494 Thread 0x00000000028ad800 Uncommon trap: reason=class_check action=maybe_recompile pc=0x0000000002c109e8 method=com.android.dx.rop.type.Type.equals(Ljava/lang/Object;)Z @ 8

Internal exceptions (2 events):
Event: 0.092 Thread 0x00000000028ad800 Exception <a 'java/lang/NoSuchMethodError': Method sun.misc.Unsafe.defineClass(Ljava/lang/String;[BII)Ljava/lang/Class; name or signature does not match> (0x00000000eab0cbc8) thrown at [D:\re\workspace\8-2-build-windows-amd64-cygwin\jdk8u25\1677\hotspot\sr#S+e´·?
Event: 0.093 Thread 0x00000000028ad800 Exception <a 'java/lang/NoSuchMethodError': Method sun.misc.Unsafe.prefetchRead(Ljava/lang/Object;J)V name or signature does not match> (0x00000000eab0ce58) thrown at [D:\re\workspace\8-2-build-windows-amd64-cygwin\jdk8u25\1677\hotspot\src\share\vm\prims\j

Events (10 events):
Event: 13.060 Executing VM operation: ParallelGCFailedAllocation
Event: 13.287 Executing VM operation: ParallelGCFailedAllocation done
Event: 13.387 loading class com/android/dx/cf/attrib/AttLocalVariableTypeTable
Event: 13.387 loading class com/android/dx/cf/attrib/AttLocalVariableTypeTable done
Event: 14.028 loading class com/android/dx/cf/attrib/AttExceptions
Event: 14.028 loading class com/android/dx/cf/attrib/AttExceptions done
Event: 14.118 Executing VM operation: ParallelGCFailedAllocation
Event: 14.501 Executing VM operation: ParallelGCFailedAllocation done
Event: 15.367 Executing VM operation: ParallelGCFailedAllocation
Event: 15.389 Executing VM operation: ParallelGCFailedAllocation done


Dynamic libraries:
0x00007ff673550000 - 0x00007ff673584000 	C:\PROGRA~1\Java\JDK18~1.0_2\bin\java.exe
0x00007ffd46da0000 - 0x00007ffd46f61000 	C:\WINDOWS\SYSTEM32\ntdll.dll
0x00007ffd45a70000 - 0x00007ffd45b1d000 	C:\WINDOWS\system32\KERNEL32.DLL
0x00007ffd44130000 - 0x00007ffd4430d000 	C:\WINDOWS\system32\KERNELBASE.dll
0x00007ffd46cf0000 - 0x00007ffd46d96000 	C:\WINDOWS\system32\ADVAPI32.dll
0x00007ffd46460000 - 0x00007ffd464fd000 	C:\WINDOWS\system32\msvcrt.dll
0x00007ffd46a00000 - 0x00007ffd46a5b000 	C:\WINDOWS\system32\sechost.dll
0x00007ffd45b20000 - 0x00007ffd45c46000 	C:\WINDOWS\system32\RPCRT4.dll
0x00007ffd46840000 - 0x00007ffd4698e000 	C:\WINDOWS\system32\USER32.dll
0x00007ffd45e20000 - 0x00007ffd45fa6000 	C:\WINDOWS\system32\GDI32.dll
0x00007ffd3a2d0000 - 0x00007ffd3a544000 	C:\WINDOWS\WinSxS\amd64_microsoft.windows.common-controls_6595b64144ccf1df_6.0.10240.16384_none_f41f7b285750ef43\COMCTL32.dll
0x00007ffd467a0000 - 0x00007ffd467d6000 	C:\WINDOWS\system32\IMM32.DLL
0x00007ffd46020000 - 0x00007ffd4617c000 	C:\WINDOWS\system32\MSCTF.dll
0x000000005d880000 - 0x000000005d952000 	C:\PROGRA~1\Java\JDK18~1.0_2\jre\bin\msvcr100.dll
0x000000005dd00000 - 0x000000005e55a000 	C:\PROGRA~1\Java\JDK18~1.0_2\jre\bin\server\jvm.dll
0x00007ffd44530000 - 0x00007ffd44538000 	C:\WINDOWS\system32\PSAPI.DLL
0x00007ffd37f50000 - 0x00007ffd37f59000 	C:\WINDOWS\SYSTEM32\WSOCK32.dll
0x00007ffd46990000 - 0x00007ffd469f9000 	C:\WINDOWS\system32\WS2_32.dll
0x00007ffd46a60000 - 0x00007ffd46a68000 	C:\WINDOWS\system32\NSI.dll
0x00007ffd41810000 - 0x00007ffd41833000 	C:\WINDOWS\SYSTEM32\WINMM.dll
0x00007ffd417b0000 - 0x00007ffd417dc000 	C:\WINDOWS\SYSTEM32\WINMMBASE.dll
0x00007ffd44310000 - 0x00007ffd44354000 	C:\WINDOWS\system32\cfgmgr32.dll
0x00007ffd42140000 - 0x00007ffd42167000 	C:\WINDOWS\SYSTEM32\DEVOBJ.dll
0x000000005dcf0000 - 0x000000005dcff000 	C:\PROGRA~1\Java\JDK18~1.0_2\jre\bin\verify.dll
0x000000005dcc0000 - 0x000000005dce8000 	C:\PROGRA~1\Java\JDK18~1.0_2\jre\bin\java.dll
0x000000005dca0000 - 0x000000005dcb6000 	C:\PROGRA~1\Java\JDK18~1.0_2\jre\bin\zip.dll
0x00007ffd44540000 - 0x00007ffd45a62000 	C:\WINDOWS\system32\SHELL32.dll
0x00007ffd43870000 - 0x00007ffd43e98000 	C:\WINDOWS\system32\windows.storage.dll
0x00007ffd46a70000 - 0x00007ffd46cec000 	C:\WINDOWS\system32\combase.dll
0x00007ffd46500000 - 0x00007ffd46551000 	C:\WINDOWS\system32\shlwapi.dll
0x00007ffd437f0000 - 0x00007ffd437ff000 	C:\WINDOWS\system32\kernel.appcore.dll
0x00007ffd43ea0000 - 0x00007ffd43f53000 	C:\WINDOWS\system32\shcore.dll
0x00007ffd43800000 - 0x00007ffd4384a000 	C:\WINDOWS\system32\powrprof.dll
0x00007ffd437d0000 - 0x00007ffd437e3000 	C:\WINDOWS\system32\profapi.dll
0x00007ffd36cc0000 - 0x00007ffd36e4a000 	C:\WINDOWS\SYSTEM32\dbghelp.dll

VM Arguments:
jvm_args: -Xmx1024M -Xss1m -Djava.ext.dirs=C:\Users\Chandra\AppData\Local\Android\sdk1\build-tools\21.1.2\lib 
java_command: C:\Users\Chandra\AppData\Local\Android\sdk1\build-tools\21.1.2\lib\dx.jar --dex --output C:\Users\Chandra\Desktop\Sunshine-Version-2\app\build\intermediates\pre-dexed\debug\internal_impl-23.1.1-ae94a22214c4dd574366b588810f2050ec887fab.jar C:\Users\Chandra\Desktop\Sunshine-Version-2\app\build\intermediates\exploded-aar\com.android.support\support-v4\23.1.1\libs\internal_impl-23.1.1.jar
java_class_path (initial): C:\Users\Chandra\AppData\Local\Android\sdk1\build-tools\21.1.2\lib\dx.jar
Launcher Type: SUN_STANDARD

Environment Variables:
JAVA_HOME=C:\Program Files\Java\jdk1.8.0_25\
PATH=C:\ProgramData\Oracle\Java\javapath;C:\Program Files (x86)\NVIDIA Corporation\PhysX\Common;C:\Program Files (x86)\Intel\iCLS Client\;C:\Program Files\Intel\iCLS Client\;C:\Program Files\Broadcom\Broadcom 802.11 Network Adapter;C:\WINDOWS\system32;C:\WINDOWS;C:\WINDOWS\System32\Wbem;C:\WINDOWS\System32\WindowsPowerShell\v1.0\;C:\Program Files\Intel\Intel(R) Management Engine Components\DAL;C:\Program Files\Intel\Intel(R) Management Engine Components\IPT;C:\Program Files (x86)\Intel\Intel(R) Management Engine Components\DAL;C:\Program Files (x86)\Intel\Intel(R) Management Engine Components\IPT;C:\Program Files\WIDCOMM\Bluetooth Software\;C:\Program Files\WIDCOMM\Bluetooth Software\syswow64;C:\Program Files (x86)\Intel\OpenCL SDK\2.0\bin\x86;C:\Program Files (x86)\Intel\OpenCL SDK\2.0\bin\x64;C:\Program Files\Sony\VAIO Improvement;C:\Program Files (x86)\Sony\VAIO BIOS Data Transfer Utility\;C:\Program Files (x86)\Sony\VAIO Startup Setting Tool;C:\Program Files (x86)\Skype\Phone\;C:\Program Files\Git\cmd;C:\Program Files\Java\jdk1.8.0_25\bin
USERNAME=Chandra
OS=Windows_NT
PROCESSOR_IDENTIFIER=Intel64 Family 6 Model 58 Stepping 9, GenuineIntel



---------------  S Y S T E M  ---------------

OS: Windows 8.1 , 64 bit Build 9600 

CPU:total 2 (2 cores per cpu, 2 threads per core) family 6 model 58 stepping 9, cmov, cx8, fxsr, mmx, sse, sse2, sse3, ssse3, sse4.1, sse4.2, popcnt, avx, aes, clmul, erms, ht, tsc, tscinvbit, tscinv

Memory: 4k page, physical 2507572k(82936k free), swap 4614964k(0k free)

vm_info: Java HotSpot(TM) 64-Bit Server VM (25.25-b02) for windows-amd64 JRE (1.8.0_25-b18), built on Oct  7 2014 14:25:37 by "java_re" with MS VC++ 10.0 (VS2010)

time: Wed Dec 30 01:40:57 2015
elapsed time: 19 seconds (0d 0h 0m 19s)

