#
# There is insufficient memory for the Java Runtime Environment to continue.
# Native memory allocation (malloc) failed to allocate 87648 bytes for Chunk::new
# Possible reasons:
#   The system is out of physical RAM or swap space
#   In 32 bit mode, the process size limit was hit
# Possible solutions:
#   Reduce memory load on the system
#   Increase physical memory or swap space
#   Check if swap backing store is full
#   Use 64 bit Java on a 64 bit OS
#   Decrease Java heap size (-Xmx/-Xms)
#   Decrease number of Java threads
#   Decrease Java thread stack sizes (-Xss)
#   Set larger code cache with -XX:ReservedCodeCacheSize=
# This output file may be truncated or incomplete.
#
#  Out of Memory Error (allocation.cpp:390), pid=920, tid=6400
#
# JRE version: Java(TM) SE Runtime Environment (8.0_25-b18) (build 1.8.0_25-b18)
# Java VM: Java HotSpot(TM) 64-Bit Server VM (25.25-b02 mixed mode windows-amd64 compressed oops)
# Failed to write core dump. Minidumps are not enabled by default on client versions of Windows
#

---------------  T H R E A D  ---------------

Current thread (0x000000001520c000):  JavaThread "C2 CompilerThread0" daemon [_thread_in_native, id=6400, stack(0x0000000016140000,0x0000000016240000)]

Stack: [0x0000000016140000,0x0000000016240000]
Native frames: (J=compiled Java code, j=interpreted, Vv=VM code, C=native code)
V  [jvm.dll+0x31667a]


Current CompileTask:
C2:  17965 1438       4       com.android.dx.ssa.SsaBasicBlock::newFromRop (183 bytes)


---------------  P R O C E S S  ---------------

Java Threads: ( => current thread )
  0x000000001525a000 JavaThread "Service Thread" daemon [_thread_blocked, id=2392, stack(0x0000000016340000,0x0000000016440000)]
  0x0000000015255800 JavaThread "C1 CompilerThread1" daemon [_thread_blocked, id=5888, stack(0x0000000016240000,0x0000000016340000)]
=>0x000000001520c000 JavaThread "C2 CompilerThread0" daemon [_thread_in_native, id=6400, stack(0x0000000016140000,0x0000000016240000)]
  0x000000001520a000 JavaThread "Attach Listener" daemon [_thread_blocked, id=6736, stack(0x0000000016040000,0x0000000016140000)]
  0x0000000015206800 JavaThread "Signal Dispatcher" daemon [_thread_blocked, id=1244, stack(0x0000000015f40000,0x0000000016040000)]
  0x00000000151c5000 JavaThread "Finalizer" daemon [_thread_blocked, id=4820, stack(0x0000000015e40000,0x0000000015f40000)]
  0x00000000151c2800 JavaThread "Reference Handler" daemon [_thread_blocked, id=7088, stack(0x0000000015d40000,0x0000000015e40000)]
  0x0000000002b7d800 JavaThread "main" [_thread_in_native, id=5892, stack(0x0000000002b80000,0x0000000002c80000)]

Other Threads:
  0x00000000151bb800 VMThread [stack: 0x0000000015c40000,0x0000000015d40000] [id=6160]
  0x000000001525b800 WatcherThread [stack: 0x0000000016440000,0x0000000016540000] [id=7128]

VM state:not at safepoint (normal execution)

VM Mutex/Monitor currently owned by a thread: None

Heap:
 PSYoungGen      total 22016K, used 16262K [0x00000000eab00000, 0x00000000ec200000, 0x0000000100000000)
  eden space 20480K, 72% used [0x00000000eab00000,0x00000000eb966790,0x00000000ebf00000)
  from space 1536K, 98% used [0x00000000ebf00000,0x00000000ec07b088,0x00000000ec080000)
  to   space 1536K, 0% used [0x00000000ec080000,0x00000000ec080000,0x00000000ec200000)
 ParOldGen       total 27648K, used 23066K [0x00000000c0000000, 0x00000000c1b00000, 0x00000000eab00000)
  object space 27648K, 83% used [0x00000000c0000000,0x00000000c16868e8,0x00000000c1b00000)
 Metaspace       used 5780K, capacity 7088K, committed 7296K, reserved 1056768K
  class space    used 547K, capacity 616K, committed 640K, reserved 1048576K

Card table byte_map: [0x0000000012140000,0x0000000012350000] byte_map_base: 0x0000000011b40000

Marking Bits: (ParMarkBitMap*) 0x000000005e4dd490
 Begin Bits: [0x00000000126b0000, 0x00000000136b0000)
 End Bits:   [0x00000000136b0000, 0x00000000146b0000)

Polling page: 0x0000000000dd0000

CodeCache: size=245760Kb used=6265Kb max_used=6265Kb free=239494Kb
 bounds [0x0000000002d80000, 0x00000000033b0000, 0x0000000011d80000]
 total_blobs=1818 nmethods=1558 adapters=174
 compilation: enabled

Compilation events (10 events):
Event: 15.578 Thread 0x0000000015255800 1445       1       java.util.HashMap$Node::getKey (5 bytes)
Event: 15.578 Thread 0x0000000015255800 nmethod 1445 0x000000000334b250 code [0x000000000334b3a0, 0x000000000334b4b0]
Event: 15.579 Thread 0x0000000015255800 1447       3       com.android.dx.ssa.back.FirstFitLocalCombiningAllocator::access$100 (5 bytes)
Event: 15.579 Thread 0x0000000015255800 nmethod 1447 0x0000000003342a50 code [0x0000000003342bc0, 0x0000000003342db0]
Event: 15.580 Thread 0x0000000015255800 1448       3       com.android.dx.rop.cst.CstDouble::getType (4 bytes)
Event: 15.580 Thread 0x0000000015255800 nmethod 1448 0x0000000003342710 code [0x0000000003342860, 0x00000000033429b0]
Event: 15.581 Thread 0x0000000015255800 1450       3       com.android.dx.rop.cst.CstLiteral64::equals (36 bytes)
Event: 15.582 Thread 0x0000000015255800 nmethod 1450 0x0000000003342050 code [0x00000000033421c0, 0x0000000003342630]
Event: 15.584 Thread 0x0000000015255800 1452       2       com.android.dx.ssa.back.FirstFitLocalCombiningAllocator$Alignment$2::nextClearBit (26 bytes)
Event: 15.584 Thread 0x0000000015255800 nmethod 1452 0x0000000003341b90 code [0x0000000003341d00, 0x0000000003341f18]

GC Heap History (8 events):
Event: 11.082 GC heap before
{Heap before GC invocations=1 (full 0):
 PSYoungGen      total 11776K, used 10240K [0x00000000eab00000, 0x00000000eb800000, 0x0000000100000000)
  eden space 10240K, 100% used [0x00000000eab00000,0x00000000eb500000,0x00000000eb500000)
  from space 1536K, 0% used [0x00000000eb680000,0x00000000eb680000,0x00000000eb800000)
  to   space 1536K, 0% used [0x00000000eb500000,0x00000000eb500000,0x00000000eb680000)
 ParOldGen       total 27648K, used 0K [0x00000000c0000000, 0x00000000c1b00000, 0x00000000eab00000)
  object space 27648K, 0% used [0x00000000c0000000,0x00000000c0000000,0x00000000c1b00000)
 Metaspace       used 5257K, capacity 6704K, committed 6784K, reserved 1056768K
  class space    used 538K, capacity 616K, committed 640K, reserved 1048576K
Event: 11.186 GC heap after
Heap after GC invocations=1 (full 0):
 PSYoungGen      total 11776K, used 1527K [0x00000000eab00000, 0x00000000eb800000, 0x0000000100000000)
  eden space 10240K, 0% used [0x00000000eab00000,0x00000000eab00000,0x00000000eb500000)
  from space 1536K, 99% used [0x00000000eb500000,0x00000000eb67dc60,0x00000000eb680000)
  to   space 1536K, 0% used [0x00000000eb680000,0x00000000eb680000,0x00000000eb800000)
 ParOldGen       total 27648K, used 1681K [0x00000000c0000000, 0x00000000c1b00000, 0x00000000eab00000)
  object space 27648K, 6% used [0x00000000c0000000,0x00000000c01a4500,0x00000000c1b00000)
 Metaspace       used 5257K, capacity 6704K, committed 6784K, reserved 1056768K
  class space    used 538K, capacity 616K, committed 640K, reserved 1048576K
}
Event: 12.422 GC heap before
{Heap before GC invocations=2 (full 0):
 PSYoungGen      total 11776K, used 11767K [0x00000000eab00000, 0x00000000eb800000, 0x0000000100000000)
  eden space 10240K, 100% used [0x00000000eab00000,0x00000000eb500000,0x00000000eb500000)
  from space 1536K, 99% used [0x00000000eb500000,0x00000000eb67dc60,0x00000000eb680000)
  to   space 1536K, 0% used [0x00000000eb680000,0x00000000eb680000,0x00000000eb800000)
 ParOldGen       total 27648K, used 1681K [0x00000000c0000000, 0x00000000c1b00000, 0x00000000eab00000)
  object space 27648K, 6% used [0x00000000c0000000,0x00000000c01a4500,0x00000000c1b00000)
 Metaspace       used 5545K, capacity 6896K, committed 7040K, reserved 1056768K
  class space    used 541K, capacity 616K, committed 640K, reserved 1048576K
Event: 12.517 GC heap after
Heap after GC invocations=2 (full 0):
 PSYoungGen      total 11776K, used 1536K [0x00000000eab00000, 0x00000000ec200000, 0x0000000100000000)
  eden space 10240K, 0% used [0x00000000eab00000,0x00000000eab00000,0x00000000eb500000)
  from space 1536K, 100% used [0x00000000eb680000,0x00000000eb800000,0x00000000eb800000)
  to   space 1536K, 0% used [0x00000000eb500000,0x00000000eb500000,0x00000000eb680000)
 ParOldGen       total 27648K, used 3163K [0x00000000c0000000, 0x00000000c1b00000, 0x00000000eab00000)
  object space 27648K, 11% used [0x00000000c0000000,0x00000000c0316c78,0x00000000c1b00000)
 Metaspace       used 5545K, capacity 6896K, committed 7040K, reserved 1056768K
  class space    used 541K, capacity 616K, committed 640K, reserved 1048576K
}
Event: 13.266 GC heap before
{Heap before GC invocations=3 (full 0):
 PSYoungGen      total 11776K, used 11776K [0x00000000eab00000, 0x00000000ec200000, 0x0000000100000000)
  eden space 10240K, 100% used [0x00000000eab00000,0x00000000eb500000,0x00000000eb500000)
  from space 1536K, 100% used [0x00000000eb680000,0x00000000eb800000,0x00000000eb800000)
  to   space 1536K, 0% used [0x00000000eb500000,0x00000000eb500000,0x00000000eb680000)
 ParOldGen       total 27648K, used 3163K [0x00000000c0000000, 0x00000000c1b00000, 0x00000000eab00000)
  object space 27648K, 11% used [0x00000000c0000000,0x00000000c0316c78,0x00000000c1b00000)
 Metaspace       used 5680K, capacity 7024K, committed 7296K, reserved 1056768K
  class space    used 546K, capacity 616K, committed 640K, reserved 1048576K
Event: 13.332 GC heap after
Heap after GC invocations=3 (full 0):
 PSYoungGen      total 11776K, used 1536K [0x00000000eab00000, 0x00000000ec200000, 0x0000000100000000)
  eden space 10240K, 0% used [0x00000000eab00000,0x00000000eab00000,0x00000000eb500000)
  from space 1536K, 100% used [0x00000000eb500000,0x00000000eb680000,0x00000000eb680000)
  to   space 1536K, 0% used [0x00000000ec080000,0x00000000ec080000,0x00000000ec200000)
 ParOldGen       total 27648K, used 4905K [0x00000000c0000000, 0x00000000c1b00000, 0x00000000eab00000)
  object space 27648K, 17% used [0x00000000c0000000,0x00000000c04ca630,0x00000000c1b00000)
 Metaspace       used 5680K, capacity 7024K, committed 7296K, reserved 1056768K
  class space    used 546K, capacity 616K, committed 640K, reserved 1048576K
}
Event: 13.746 GC heap before
{Heap before GC invocations=4 (full 0):
 PSYoungGen      total 11776K, used 11776K [0x00000000eab00000, 0x00000000ec200000, 0x0000000100000000)
  eden space 10240K, 100% used [0x00000000eab00000,0x00000000eb500000,0x00000000eb500000)
  from space 1536K, 100% used [0x00000000eb500000,0x00000000eb680000,0x00000000eb680000)
  to   space 1536K, 0% used [0x00000000ec080000,0x00000000ec080000,0x00000000ec200000)
 ParOldGen       total 27648K, used 4905K [0x00000000c0000000, 0x00000000c1b00000, 0x00000000eab00000)
  object space 27648K, 17% used [0x00000000c0000000,0x00000000c04ca630,0x00000000c1b00000)
 Metaspace       used 5694K, capacity 7024K, committed 7296K, reserved 1056768K
  class space    used 546K, capacity 616K, committed 640K, reserved 1048576K
Event: 14.150 GC heap after
Heap after GC invocations=4 (full 0):
 PSYoungGen      total 22016K, used 1511K [0x00000000eab00000, 0x00000000ec200000, 0x0000000100000000)
  eden space 20480K, 0% used [0x00000000eab00000,0x00000000eab00000,0x00000000ebf00000)
  from space 1536K, 98% used [0x00000000ec080000,0x00000000ec1f9e70,0x00000000ec200000)
  to   space 1536K, 0% used [0x00000000ebf00000,0x00000000ebf00000,0x00000000ec080000)
 ParOldGen       total 27648K, used 6649K [0x00000000c0000000, 0x00000000c1b00000, 0x00000000eab00000)
  object space 27648K, 24% used [0x00000000c0000000,0x00000000c067e6d0,0x00000000c1b00000)
 Metaspace       used 5694K, capacity 7024K, committed 7296K, reserved 1056768K
  class space    used 546K, capacity 616K, committed 640K, reserved 1048576K
}

Deoptimization events (10 events):
Event: 12.844 Thread 0x0000000002b7d800 Uncommon trap: reason=class_check action=maybe_recompile pc=0x00000000030657f8 method=com.android.dx.rop.type.Type.equals(Ljava/lang/Object;)Z @ 8
Event: 12.844 Thread 0x0000000002b7d800 Uncommon trap: reason=class_check action=maybe_recompile pc=0x00000000030657f8 method=com.android.dx.rop.type.Type.equals(Ljava/lang/Object;)Z @ 8
Event: 12.849 Thread 0x0000000002b7d800 Uncommon trap: reason=class_check action=maybe_recompile pc=0x00000000030657f8 method=com.android.dx.rop.type.Type.equals(Ljava/lang/Object;)Z @ 8
Event: 12.850 Thread 0x0000000002b7d800 Uncommon trap: reason=class_check action=maybe_recompile pc=0x0000000002fe0c90 method=com.android.dx.rop.type.Type.equals(Ljava/lang/Object;)Z @ 8
Event: 12.857 Thread 0x0000000002b7d800 Uncommon trap: reason=unreached action=reinterpret pc=0x000000000312b950 method=com.android.dx.rop.code.LocalItem.hashCode()I @ 25
Event: 12.858 Thread 0x0000000002b7d800 Uncommon trap: reason=class_check action=maybe_recompile pc=0x00000000030657f8 method=com.android.dx.rop.type.Type.equals(Ljava/lang/Object;)Z @ 8
Event: 15.577 Thread 0x0000000002b7d800 Uncommon trap: reason=bimorphic action=maybe_recompile pc=0x0000000002f91590 method=java.util.HashMap.getNode(ILjava/lang/Object;)Ljava/util/HashMap$Node; @ 126
Event: 15.577 Thread 0x0000000002b7d800 Uncommon trap: reason=class_check action=maybe_recompile pc=0x000000000329a54c method=java.util.HashMap.putVal(ILjava/lang/Object;Ljava/lang/Object;ZZ)Ljava/lang/Object; @ 203
Event: 15.577 Thread 0x0000000002b7d800 Uncommon trap: reason=bimorphic action=maybe_recompile pc=0x0000000002f91590 method=java.util.HashMap.getNode(ILjava/lang/Object;)Ljava/util/HashMap$Node; @ 126
Event: 15.577 Thread 0x0000000002b7d800 Uncommon trap: reason=class_check action=maybe_recompile pc=0x000000000329a54c method=java.util.HashMap.putVal(ILjava/lang/Object;Ljava/lang/Object;ZZ)Ljava/lang/Object; @ 203

Internal exceptions (3 events):
Event: 0.094 Thread 0x0000000002b7d800 Exception <a 'java/lang/NoSuchMethodError': Method sun.misc.Unsafe.defineClass(Ljava/lang/String;[BII)Ljava/lang/Class; name or signature does not match> (0x00000000eab0cc10) thrown at [D:\re\workspace\8-2-build-windows-amd64-cygwin\jdk8u25\1677\hotspot\srX£±<¸?
Event: 0.094 Thread 0x0000000002b7d800 Exception <a 'java/lang/NoSuchMethodError': Method sun.misc.Unsafe.prefetchRead(Ljava/lang/Object;J)V name or signature does not match> (0x00000000eab0cea0) thrown at [D:\re\workspace\8-2-build-windows-amd64-cygwin\jdk8u25\1677\hotspot\src\share\vm\prims\jS‰–ü¤u'@
Event: 11.730 Thread 0x0000000002b7d800 Implicit null exception at 0x00000000030bacee to 0x00000000030bccf1

Events (10 events):
Event: 15.577 Thread 0x0000000002b7d800 DEOPT UNPACKING pc=0x0000000002dc556a sp=0x0000000002c7e3a0 mode 2
Event: 15.577 Thread 0x0000000002b7d800 Uncommon trap: trap_request=0xffffffde fr.pc=0x000000000329a54c
Event: 15.577 Thread 0x0000000002b7d800 DEOPT PACKING pc=0x000000000329a54c sp=0x0000000002c7e400
Event: 15.577 Thread 0x0000000002b7d800 DEOPT UNPACKING pc=0x0000000002dc556a sp=0x0000000002c7e378 mode 2
Event: 15.577 Thread 0x0000000002b7d800 Uncommon trap: trap_request=0xffffffc6 fr.pc=0x0000000002f91590
Event: 15.577 Thread 0x0000000002b7d800 DEOPT PACKING pc=0x0000000002f91590 sp=0x0000000002c7e430
Event: 15.577 Thread 0x0000000002b7d800 DEOPT UNPACKING pc=0x0000000002dc556a sp=0x0000000002c7e3a0 mode 2
Event: 15.577 Thread 0x0000000002b7d800 Uncommon trap: trap_request=0xffffffde fr.pc=0x000000000329a54c
Event: 15.577 Thread 0x0000000002b7d800 DEOPT PACKING pc=0x000000000329a54c sp=0x0000000002c7e400
Event: 15.577 Thread 0x0000000002b7d800 DEOPT UNPACKING pc=0x0000000002dc556a sp=0x0000000002c7e378 mode 2


Dynamic libraries:
0x00007ff673550000 - 0x00007ff673584000 	C:\PROGRA~1\Java\JDK18~1.0_2\bin\java.exe
0x00007ffd46da0000 - 0x00007ffd46f61000 	C:\WINDOWS\SYSTEM32\ntdll.dll
0x00007ffd45a70000 - 0x00007ffd45b1d000 	C:\WINDOWS\system32\KERNEL32.DLL
0x00007ffd44130000 - 0x00007ffd4430d000 	C:\WINDOWS\system32\KERNELBASE.dll
0x00007ffd46cf0000 - 0x00007ffd46d96000 	C:\WINDOWS\system32\ADVAPI32.dll
0x00007ffd46460000 - 0x00007ffd464fd000 	C:\WINDOWS\system32\msvcrt.dll
0x00007ffd46a00000 - 0x00007ffd46a5b000 	C:\WINDOWS\system32\sechost.dll
0x00007ffd45b20000 - 0x00007ffd45c46000 	C:\WINDOWS\system32\RPCRT4.dll
0x00007ffd46840000 - 0x00007ffd4698e000 	C:\WINDOWS\system32\USER32.dll
0x00007ffd45e20000 - 0x00007ffd45fa6000 	C:\WINDOWS\system32\GDI32.dll
0x00007ffd3a2d0000 - 0x00007ffd3a544000 	C:\WINDOWS\WinSxS\amd64_microsoft.windows.common-controls_6595b64144ccf1df_6.0.10240.16384_none_f41f7b285750ef43\COMCTL32.dll
0x00007ffd467a0000 - 0x00007ffd467d6000 	C:\WINDOWS\system32\IMM32.DLL
0x00007ffd46020000 - 0x00007ffd4617c000 	C:\WINDOWS\system32\MSCTF.dll
0x000000005d880000 - 0x000000005d952000 	C:\PROGRA~1\Java\JDK18~1.0_2\jre\bin\msvcr100.dll
0x000000005dd00000 - 0x000000005e55a000 	C:\PROGRA~1\Java\JDK18~1.0_2\jre\bin\server\jvm.dll
0x00007ffd44530000 - 0x00007ffd44538000 	C:\WINDOWS\system32\PSAPI.DLL
0x00007ffd37f50000 - 0x00007ffd37f59000 	C:\WINDOWS\SYSTEM32\WSOCK32.dll
0x00007ffd41810000 - 0x00007ffd41833000 	C:\WINDOWS\SYSTEM32\WINMM.dll
0x00007ffd46990000 - 0x00007ffd469f9000 	C:\WINDOWS\system32\WS2_32.dll
0x00007ffd46a60000 - 0x00007ffd46a68000 	C:\WINDOWS\system32\NSI.dll
0x00007ffd417b0000 - 0x00007ffd417dc000 	C:\WINDOWS\SYSTEM32\WINMMBASE.dll
0x00007ffd44310000 - 0x00007ffd44354000 	C:\WINDOWS\system32\cfgmgr32.dll
0x00007ffd42140000 - 0x00007ffd42167000 	C:\WINDOWS\SYSTEM32\DEVOBJ.dll
0x000000005dcf0000 - 0x000000005dcff000 	C:\PROGRA~1\Java\JDK18~1.0_2\jre\bin\verify.dll
0x000000005dcc0000 - 0x000000005dce8000 	C:\PROGRA~1\Java\JDK18~1.0_2\jre\bin\java.dll
0x000000005dca0000 - 0x000000005dcb6000 	C:\PROGRA~1\Java\JDK18~1.0_2\jre\bin\zip.dll
0x00007ffd44540000 - 0x00007ffd45a62000 	C:\WINDOWS\system32\SHELL32.dll
0x00007ffd43870000 - 0x00007ffd43e98000 	C:\WINDOWS\system32\windows.storage.dll
0x00007ffd46a70000 - 0x00007ffd46cec000 	C:\WINDOWS\system32\combase.dll
0x00007ffd46500000 - 0x00007ffd46551000 	C:\WINDOWS\system32\shlwapi.dll
0x00007ffd437f0000 - 0x00007ffd437ff000 	C:\WINDOWS\system32\kernel.appcore.dll
0x00007ffd43ea0000 - 0x00007ffd43f53000 	C:\WINDOWS\system32\shcore.dll
0x00007ffd43800000 - 0x00007ffd4384a000 	C:\WINDOWS\system32\powrprof.dll
0x00007ffd437d0000 - 0x00007ffd437e3000 	C:\WINDOWS\system32\profapi.dll
0x00007ffd36cc0000 - 0x00007ffd36e4a000 	C:\WINDOWS\SYSTEM32\dbghelp.dll

VM Arguments:
jvm_args: -Xmx1024M -Xss1m -Djava.ext.dirs=C:\Users\Chandra\AppData\Local\Android\sdk1\build-tools\21.1.2\lib 
java_command: C:\Users\Chandra\AppData\Local\Android\sdk1\build-tools\21.1.2\lib\dx.jar --dex --output C:\Users\Chandra\Desktop\Sunshine-Version-2\app\build\intermediates\pre-dexed\debug\classes-6c8c203cad36a10408476339b10d5ee090afbe96.jar C:\Users\Chandra\Desktop\Sunshine-Version-2\app\build\intermediates\exploded-aar\com.android.support\appcompat-v7\23.1.1\classes.jar
java_class_path (initial): C:\Users\Chandra\AppData\Local\Android\sdk1\build-tools\21.1.2\lib\dx.jar
Launcher Type: SUN_STANDARD

Environment Variables:
JAVA_HOME=C:\Program Files\Java\jdk1.8.0_25\
PATH=C:\ProgramData\Oracle\Java\javapath;C:\Program Files (x86)\NVIDIA Corporation\PhysX\Common;C:\Program Files (x86)\Intel\iCLS Client\;C:\Program Files\Intel\iCLS Client\;C:\Program Files\Broadcom\Broadcom 802.11 Network Adapter;C:\WINDOWS\system32;C:\WINDOWS;C:\WINDOWS\System32\Wbem;C:\WINDOWS\System32\WindowsPowerShell\v1.0\;C:\Program Files\Intel\Intel(R) Management Engine Components\DAL;C:\Program Files\Intel\Intel(R) Management Engine Components\IPT;C:\Program Files (x86)\Intel\Intel(R) Management Engine Components\DAL;C:\Program Files (x86)\Intel\Intel(R) Management Engine Components\IPT;C:\Program Files\WIDCOMM\Bluetooth Software\;C:\Program Files\WIDCOMM\Bluetooth Software\syswow64;C:\Program Files (x86)\Intel\OpenCL SDK\2.0\bin\x86;C:\Program Files (x86)\Intel\OpenCL SDK\2.0\bin\x64;C:\Program Files\Sony\VAIO Improvement;C:\Program Files (x86)\Sony\VAIO BIOS Data Transfer Utility\;C:\Program Files (x86)\Sony\VAIO Startup Setting Tool;C:\Program Files (x86)\Skype\Phone\;C:\Program Files\Git\cmd;C:\Program Files\Java\jdk1.8.0_25\bin
USERNAME=Chandra
OS=Windows_NT
PROCESSOR_IDENTIFIER=Intel64 Family 6 Model 58 Stepping 9, GenuineIntel



---------------  S Y S T E M  ---------------

OS: Windows 8.1 , 64 bit Build 9600 

CPU:total 2 (2 cores per cpu, 2 threads per core) family 6 model 58 stepping 9, cmov, cx8, fxsr, mmx, sse, sse2, sse3, ssse3, sse4.1, sse4.2, popcnt, avx, aes, clmul, erms, ht, tsc, tscinvbit, tscinv

Memory: 4k page, physical 2507572k(89092k free), swap 4614964k(4k free)

vm_info: Java HotSpot(TM) 64-Bit Server VM (25.25-b02) for windows-amd64 JRE (1.8.0_25-b18), built on Oct  7 2014 14:25:37 by "java_re" with MS VC++ 10.0 (VS2010)

time: Wed Dec 30 01:40:56 2015
elapsed time: 18 seconds (0d 0h 0m 18s)

